<?xml version="1.0" encoding="UTF-8"?>
<testsuite name="WowMarket.AppTest" tests="1" skipped="0" failures="0" errors="0" timestamp="2020-09-02T09:18:17" hostname="ChrisMaBookPro3" time="0.003">
  <properties/>
  <testcase name="testAppHasAGreeting" classname="WowMarket.AppTest" time="0.003"/>
  <system-out><![CDATA[]]></system-out>
  <system-err><![CDATA[]]></system-err>
</testsuite>
